<?xml version="1.0" encoding="UTF-8"?>
<testsuite name="StringCalculatorTest" tests="1" skipped="0" failures="0" errors="0" timestamp="2022-03-23T18:23:56" hostname="DESKTOP-K2P9UHT" time="0.03">
  <properties/>
  <testcase name="negativeNumbersThrowsAnExceptionTest()" classname="StringCalculatorTest" time="0.03"/>
  <system-out><![CDATA[]]></system-out>
  <system-err><![CDATA[]]></system-err>
</testsuite>
